Using pre-set license
Built from '2021.3/staging' branch; Version is '2021.3.9f1 (ad3870b89536) revision 11352176'; Using compiler version '192829333'; Build Type 'Release'
OS: 'Windows 10  (10.0.19044) 64bit Enterprise' Language: 'en' Physical Memory: 32477 MB
BatchMode: 1, IsHumanControllingUs: 0, StartBugReporterOnCrash: 0, Is64bit: 1, IsPro: 1

COMMAND LINE ARGUMENTS:
C:\Program Files\Unity 2021.3.9f1\Editor\Unity.exe
-adb2
-batchMode
-noUpm
-name
AssetImportWorker3
-projectPath
C:/Users/A00292930/Documents/GitHub/ca-FlashKaJR/Lab 1 Game
-logFile
Logs/AssetImportWorker3.log
-srvPort
57477
Successfully changed project path to: C:/Users/A00292930/Documents/GitHub/ca-FlashKaJR/Lab 1 Game
C:/Users/A00292930/Documents/GitHub/ca-FlashKaJR/Lab 1 Game
[UnityMemory] Configuration Parameters - Can be set up in boot.config
    "memorysetup-bucket-allocator-granularity=16"
    "memorysetup-bucket-allocator-bucket-count=8"
    "memorysetup-bucket-allocator-block-size=33554432"
    "memorysetup-bucket-allocator-block-count=8"
    "memorysetup-main-allocator-block-size=16777216"
    "memorysetup-thread-allocator-block-size=16777216"
    "memorysetup-gfx-main-allocator-block-size=16777216"
    "memorysetup-gfx-thread-allocator-block-size=16777216"
    "memorysetup-cache-allocator-block-size=4194304"
    "memorysetup-typetree-allocator-block-size=2097152"
    "memorysetup-profiler-bucket-allocator-granularity=16"
    "memorysetup-profiler-bucket-allocator-bucket-count=8"
    "memorysetup-profiler-bucket-allocator-block-size=33554432"
    "memorysetup-profiler-bucket-allocator-block-count=8"
    "memorysetup-profiler-allocator-block-size=16777216"
    "memorysetup-profiler-editor-allocator-block-size=1048576"
    "memorysetup-temp-allocator-size-main=16777216"
    "memorysetup-job-temp-allocator-block-size=2097152"
    "memorysetup-job-temp-allocator-block-size-background=1048576"
    "memorysetup-job-temp-allocator-reduction-small-platforms=262144"
    "memorysetup-temp-allocator-size-background-worker=32768"
    "memorysetup-temp-allocator-size-job-worker=262144"
    "memorysetup-temp-allocator-size-preload-manager=33554432"
    "memorysetup-temp-allocator-size-nav-mesh-worker=65536"
    "memorysetup-temp-allocator-size-audio-worker=65536"
    "memorysetup-temp-allocator-size-cloud-worker=32768"
    "memorysetup-temp-allocator-size-gi-baking-worker=262144"
    "memorysetup-temp-allocator-size-gfx=262144"
Refreshing native plugins compatible for Editor in 108.86 ms, found 4 plugins.
Preloading 0 native plugins for Editor in 0.00 ms.
Initialize engine version: 2021.3.9f1 (ad3870b89536)
[Subsystems] Discovering subsystems at path C:/Program Files/Unity 2021.3.9f1/Editor/Data/Resources/UnitySubsystems
[Subsystems] Discovering subsystems at path C:/Users/A00292930/Documents/GitHub/ca-FlashKaJR/Lab 1 Game/Assets
GfxDevice: creating device client; threaded=0; jobified=0
Direct3D:
    Version:  Direct3D 11.0 [level 11.1]
    Renderer: NVIDIA GeForce RTX 3080 (ID=0x2216)
    Vendor:   NVIDIA
    VRAM:     10078 MB
    Driver:   31.0.15.1694
Initialize mono
Mono path[0] = 'C:/Program Files/Unity 2021.3.9f1/Editor/Data/Managed'
Mono path[1] = 'C:/Program Files/Unity 2021.3.9f1/Editor/Data/MonoBleedingEdge/lib/mono/unityjit-win32'
Mono config path = 'C:/Program Files/Unity 2021.3.9f1/Editor/Data/MonoBleedingEdge/etc'
Using monoOptions --debugger-agent=transport=dt_socket,embedding=1,server=y,suspend=n,address=127.0.0.1:56408
Begin MonoManager ReloadAssembly
Registering precompiled unity dll's ...
Register platform support module: C:/Program Files/Unity 2021.3.9f1/Editor/Data/PlaybackEngines/WindowsStandaloneSupport/UnityEditor.WindowsStandalone.Extensions.dll
Registered in 0.004057 seconds.
Native extension for WindowsStandalone target not found
Refreshing native plugins compatible for Editor in 103.29 ms, found 4 plugins.
Preloading 0 native plugins for Editor in 0.00 ms.
Mono: successfully reloaded assembly
- Completed reload, in  0.726 seconds
Domain Reload Profiling:
	ReloadAssembly (727ms)
		BeginReloadAssembly (82ms)
			ExecutionOrderSort (0ms)
			DisableScriptedObjects (0ms)
			BackupInstance (0ms)
			ReleaseScriptingObjects (0ms)
			CreateAndSetChildDomain (1ms)
		EndReloadAssembly (533ms)
			LoadAssemblies (81ms)
			RebuildTransferFunctionScriptingTraits (0ms)
			SetupTypeCache (104ms)
			ReleaseScriptCaches (0ms)
			RebuildScriptCaches (59ms)
			SetupLoadedEditorAssemblies (304ms)
				LogAssemblyErrors (0ms)
				InitializePlatformSupportModulesInManaged (7ms)
				SetLoadedEditorAssemblies (0ms)
				RefreshPlugins (103ms)
				BeforeProcessingInitializeOnLoad (1ms)
				ProcessInitializeOnLoadAttributes (150ms)
				ProcessInitializeOnLoadMethodAttributes (42ms)
				AfterProcessingInitializeOnLoad (0ms)
				EditorAssembliesLoaded (0ms)
			ExecutionOrderSort2 (0ms)
			AwakeInstancesAfterBackupRestoration (0ms)
Platform modules already initialized, skipping
Registering precompiled user dll's ...
Registered in 0.008077 seconds.
Begin MonoManager ReloadAssembly
Symbol file LoadedFromMemory doesn't match image C:\Users\A00292930\Documents\GitHub\ca-FlashKaJR\Lab 1 Game\Library\PackageCache\com.unity.visualscripting@1.7.8\Editor\VisualScripting.Core\Dependencies\YamlDotNet\Unity.VisualScripting.YamlDotNet.dll
Symbol file LoadedFromMemory doesn't match image C:\Users\A00292930\Documents\GitHub\ca-FlashKaJR\Lab 1 Game\Library\PackageCache\com.unity.visualscripting@1.7.8\Editor\VisualScripting.Core\Dependencies\DotNetZip\Unity.VisualScripting.IonicZip.dll
Native extension for WindowsStandalone target not found
Refreshing native plugins compatible for Editor in 85.86 ms, found 4 plugins.
Preloading 0 native plugins for Editor in 0.00 ms.
Mono: successfully reloaded assembly
- Completed reload, in  1.260 seconds
Domain Reload Profiling:
	ReloadAssembly (1261ms)
		BeginReloadAssembly (117ms)
			ExecutionOrderSort (0ms)
			DisableScriptedObjects (6ms)
			BackupInstance (0ms)
			ReleaseScriptingObjects (0ms)
			CreateAndSetChildDomain (31ms)
		EndReloadAssembly (1043ms)
			LoadAssemblies (86ms)
			RebuildTransferFunctionScriptingTraits (0ms)
			SetupTypeCache (255ms)
			ReleaseScriptCaches (1ms)
			RebuildScriptCaches (63ms)
			SetupLoadedEditorAssemblies (560ms)
				LogAssemblyErrors (0ms)
				InitializePlatformSupportModulesInManaged (4ms)
				SetLoadedEditorAssemblies (1ms)
				RefreshPlugins (86ms)
				BeforeProcessingInitializeOnLoad (131ms)
				ProcessInitializeOnLoadAttributes (295ms)
				ProcessInitializeOnLoadMethodAttributes (38ms)
				AfterProcessingInitializeOnLoad (6ms)
				EditorAssembliesLoaded (0ms)
			ExecutionOrderSort2 (0ms)
			AwakeInstancesAfterBackupRestoration (5ms)
Platform modules already initialized, skipping
========================================================================
Worker process is ready to serve import requests
Launched and connected shader compiler UnityShaderCompiler.exe after 0.08 seconds
Refreshing native plugins compatible for Editor in 2.33 ms, found 4 plugins.
Preloading 0 native plugins for Editor in 0.00 ms.
Unloading 4446 Unused Serialized files (Serialized files now loaded: 0)
Unloading 41 unused Assets / (55.5 KB). Loaded Objects now: 4903.
Memory consumption went from 167.3 MB to 167.2 MB.
Total: 3.968900 ms (FindLiveObjects: 0.458300 ms CreateObjectMapping: 0.255000 ms MarkObjects: 3.165300 ms  DeleteObjects: 0.089100 ms)

AssetImportParameters requested are different than current active one (requested -> active):
  custom:video-decoder-ogg-theora: a1e56fd34408186e4bbccfd4996cb3dc -> 
  custom:container-muxer-webm: aa71ff27fc2769a1b78a27578f13a17b -> 
  custom:container-demuxer-webm: 4f35f7cbe854078d1ac9338744f61a02 -> 
  custom:video-encoder-webm-vp8: eb34c28f22e8b96e1ab97ce403110664 -> 
  custom:audio-encoder-webm-vorbis: bf7c407c2cedff20999df2af8eb42d56 -> 
  custom:framework-win-MediaFoundation: 216162199b28c13a410421893ffa2e32 -> 
  custom:container-demuxer-ogg: 62fdf1f143b41e24485cea50d1cbac27 -> 
  custom:video-decoder-webm-vp8: 9c59270c3fd7afecdb556c50c9e8de78 -> 
  custom:audio-decoder-ogg-vorbis: bf7c407c2cedff20999df2af8eb42d56 -> 
========================================================================
Received Prepare
Registering precompiled user dll's ...
Registered in 0.008039 seconds.
Begin MonoManager ReloadAssembly
Symbol file LoadedFromMemory doesn't match image C:\Users\A00292930\Documents\GitHub\ca-FlashKaJR\Lab 1 Game\Library\PackageCache\com.unity.visualscripting@1.7.8\Editor\VisualScripting.Core\Dependencies\YamlDotNet\Unity.VisualScripting.YamlDotNet.dll
Symbol file LoadedFromMemory doesn't match image C:\Users\A00292930\Documents\GitHub\ca-FlashKaJR\Lab 1 Game\Library\PackageCache\com.unity.visualscripting@1.7.8\Editor\VisualScripting.Core\Dependencies\DotNetZip\Unity.VisualScripting.IonicZip.dll
Native extension for WindowsStandalone target not found
Refreshing native plugins compatible for Editor in 0.93 ms, found 4 plugins.
Preloading 0 native plugins for Editor in 0.00 ms.
Mono: successfully reloaded assembly
- Completed reload, in  1.140 seconds
Domain Reload Profiling:
	ReloadAssembly (1141ms)
		BeginReloadAssembly (159ms)
			ExecutionOrderSort (0ms)
			DisableScriptedObjects (6ms)
			BackupInstance (0ms)
			ReleaseScriptingObjects (0ms)
			CreateAndSetChildDomain (61ms)
		EndReloadAssembly (873ms)
			LoadAssemblies (98ms)
			RebuildTransferFunctionScriptingTraits (0ms)
			SetupTypeCache (248ms)
			ReleaseScriptCaches (2ms)
			RebuildScriptCaches (59ms)
			SetupLoadedEditorAssemblies (413ms)
				LogAssemblyErrors (0ms)
				InitializePlatformSupportModulesInManaged (12ms)
				SetLoadedEditorAssemblies (0ms)
				RefreshPlugins (1ms)
				BeforeProcessingInitializeOnLoad (83ms)
				ProcessInitializeOnLoadAttributes (270ms)
				ProcessInitializeOnLoadMethodAttributes (40ms)
				AfterProcessingInitializeOnLoad (6ms)
				EditorAssembliesLoaded (0ms)
			ExecutionOrderSort2 (0ms)
			AwakeInstancesAfterBackupRestoration (8ms)
Platform modules already initialized, skipping
Refreshing native plugins compatible for Editor in 2.87 ms, found 4 plugins.
Preloading 0 native plugins for Editor in 0.00 ms.
Unloading 4422 Unused Serialized files (Serialized files now loaded: 0)
Unloading 26 unused Assets / (24.6 KB). Loaded Objects now: 4906.
Memory consumption went from 165.3 MB to 165.3 MB.
Total: 4.426100 ms (FindLiveObjects: 0.386100 ms CreateObjectMapping: 0.499800 ms MarkObjects: 3.512700 ms  DeleteObjects: 0.026400 ms)

AssetImportParameters requested are different than current active one (requested -> active):
  custom:video-decoder-ogg-theora: a1e56fd34408186e4bbccfd4996cb3dc -> 
  custom:container-muxer-webm: aa71ff27fc2769a1b78a27578f13a17b -> 
  custom:container-demuxer-webm: 4f35f7cbe854078d1ac9338744f61a02 -> 
  custom:video-encoder-webm-vp8: eb34c28f22e8b96e1ab97ce403110664 -> 
  custom:audio-encoder-webm-vorbis: bf7c407c2cedff20999df2af8eb42d56 -> 
  custom:framework-win-MediaFoundation: 216162199b28c13a410421893ffa2e32 -> 
  custom:container-demuxer-ogg: 62fdf1f143b41e24485cea50d1cbac27 -> 
  custom:video-decoder-webm-vp8: 9c59270c3fd7afecdb556c50c9e8de78 -> 
  custom:audio-decoder-ogg-vorbis: bf7c407c2cedff20999df2af8eb42d56 -> 
========================================================================
Received Import Request.
  Time since last request: 111685.645706 seconds.
  path: Assets/Assets/Background.png
  artifactKey: Guid(b5b97cf971bb3154095e7dc01810b4fa) Importer(815301076,1909f56bfc062723c751e8b465ee728b)
Start importing Assets/Assets/Background.png using Guid(b5b97cf971bb3154095e7dc01810b4fa) Importer(815301076,1909f56bfc062723c751e8b465ee728b)  -> (artifact id: '24062573607e928c089b1c862879e1c6') in 0.124186 seconds 
========================================================================
Received Import Request.
  Time since last request: 0.000026 seconds.
  path: Assets/Assets/Pac-man.png
  artifactKey: Guid(d260a51f671c4ca43a914c23585f0c3b) Importer(815301076,1909f56bfc062723c751e8b465ee728b)
Start importing Assets/Assets/Pac-man.png using Guid(d260a51f671c4ca43a914c23585f0c3b) Importer(815301076,1909f56bfc062723c751e8b465ee728b)  -> (artifact id: '425113b6a339c8fce7bde5372fd1ce35') in 0.651640 seconds 
========================================================================
Received Import Request.
  Time since last request: 0.000034 seconds.
  path: Assets/Assets/Map_913.asset
  artifactKey: Guid(3842adbcc83cfe349b42e109ce125b92) Importer(815301076,1909f56bfc062723c751e8b465ee728b)
Start importing Assets/Assets/Map_913.asset using Guid(3842adbcc83cfe349b42e109ce125b92) Importer(815301076,1909f56bfc062723c751e8b465ee728b)  -> (artifact id: '4c275132053b6c27f86d141fa069bd8c') in 0.052442 seconds 
========================================================================
Received Import Request.
  Time since last request: 0.000023 seconds.
  path: Assets/Assets/pacmanMenu.jpg
  artifactKey: Guid(bbdf59fcd3a5ce34c9041c257c3070f6) Importer(815301076,1909f56bfc062723c751e8b465ee728b)
Start importing Assets/Assets/pacmanMenu.jpg using Guid(bbdf59fcd3a5ce34c9041c257c3070f6) Importer(815301076,1909f56bfc062723c751e8b465ee728b)  -> (artifact id: '3337d34d1d6328e72195b4992aa3cc0d') in 0.217719 seconds 
========================================================================
Received Import Request.
  Time since last request: 0.000024 seconds.
  path: Assets/Assets/DeathScreen.jpg
  artifactKey: Guid(beadd53ae0c2eda479fdc598d0170c2d) Importer(815301076,1909f56bfc062723c751e8b465ee728b)
Start importing Assets/Assets/DeathScreen.jpg using Guid(beadd53ae0c2eda479fdc598d0170c2d) Importer(815301076,1909f56bfc062723c751e8b465ee728b)  -> (artifact id: 'c10403a235d481527aa848c1781b314a') in 0.046111 seconds 
========================================================================
Received Import Request.
  Time since last request: 0.000034 seconds.
  path: Assets/Assets/Map_689.asset
  artifactKey: Guid(084495837476b6d459a3cb42c572ed96) Importer(815301076,1909f56bfc062723c751e8b465ee728b)
Start importing Assets/Assets/Map_689.asset using Guid(084495837476b6d459a3cb42c572ed96) Importer(815301076,1909f56bfc062723c751e8b465ee728b)  -> (artifact id: '2380f416e425ea452cf55e7763736442') in 0.018520 seconds 
========================================================================
Received Import Request.
  Time since last request: 0.000028 seconds.
  path: Assets/Assets/Map_682.asset
  artifactKey: Guid(9a4aa33d7ac8bd94da595831172e17d3) Importer(815301076,1909f56bfc062723c751e8b465ee728b)
Start importing Assets/Assets/Map_682.asset using Guid(9a4aa33d7ac8bd94da595831172e17d3) Importer(815301076,1909f56bfc062723c751e8b465ee728b)  -> (artifact id: 'a8d94893597d4df699abcfe506565bb9') in 0.015772 seconds 
========================================================================
Received Import Request.
  Time since last request: 0.000028 seconds.
  path: Assets/Assets/Map_684.asset
  artifactKey: Guid(f30f8688da7861e42b924a30b0689c8e) Importer(815301076,1909f56bfc062723c751e8b465ee728b)
Start importing Assets/Assets/Map_684.asset using Guid(f30f8688da7861e42b924a30b0689c8e) Importer(815301076,1909f56bfc062723c751e8b465ee728b)  -> (artifact id: '87df9bf63bcc51fc8c3b304aad3e8cf2') in 0.019236 seconds 
========================================================================
Received Import Request.
  Time since last request: 0.000020 seconds.
  path: Assets/Assets/Map_1400.asset
  artifactKey: Guid(6f68eac572062ac498b44aca2fa28fb0) Importer(815301076,1909f56bfc062723c751e8b465ee728b)
Start importing Assets/Assets/Map_1400.asset using Guid(6f68eac572062ac498b44aca2fa28fb0) Importer(815301076,1909f56bfc062723c751e8b465ee728b)  -> (artifact id: 'dc2379a2cfb6e18ade64a1c6870b25e2') in 0.014802 seconds 
========================================================================
Received Import Request.
  Time since last request: 0.000022 seconds.
  path: Assets/Assets/Map_687.asset
  artifactKey: Guid(0e3fb89ce2c04da4182fadac4354133c) Importer(815301076,1909f56bfc062723c751e8b465ee728b)
Start importing Assets/Assets/Map_687.asset using Guid(0e3fb89ce2c04da4182fadac4354133c) Importer(815301076,1909f56bfc062723c751e8b465ee728b)  -> (artifact id: 'a8b21525fd441806e3f2447a62b88bbc') in 0.013561 seconds 
========================================================================
Received Import Request.
  Time since last request: 1.982535 seconds.
  path: Assets/Assets/Player
  artifactKey: Guid(493d78183b6b6a34484eeb421b503620) Importer(815301076,1909f56bfc062723c751e8b465ee728b)
Start importing Assets/Assets/Player using Guid(493d78183b6b6a34484eeb421b503620) Importer(815301076,1909f56bfc062723c751e8b465ee728b)  -> (artifact id: '99f47a5f46397dcfb0f9da386577db71') in 0.007565 seconds 
========================================================================
Received Import Request.
  Time since last request: 0.067790 seconds.
  path: Assets/Assets/Player/Pac-man_0.asset
  artifactKey: Guid(bedbc494cf44d8a40b7180a0e7bd4a4a) Importer(815301076,1909f56bfc062723c751e8b465ee728b)
Start importing Assets/Assets/Player/Pac-man_0.asset using Guid(bedbc494cf44d8a40b7180a0e7bd4a4a) Importer(815301076,1909f56bfc062723c751e8b465ee728b)  -> (artifact id: '4583384b0e9208245a2ccb7c17428997') in 0.020916 seconds 
========================================================================
Received Import Request.
  Time since last request: 0.000023 seconds.
  path: Assets/Assets/Player/Pac-man_1.asset
  artifactKey: Guid(7206ae5203abf6c419c7802474e6ed57) Importer(815301076,1909f56bfc062723c751e8b465ee728b)
Start importing Assets/Assets/Player/Pac-man_1.asset using Guid(7206ae5203abf6c419c7802474e6ed57) Importer(815301076,1909f56bfc062723c751e8b465ee728b)  -> (artifact id: 'b34de6d062259ff4eaf00ba0cb19c316') in 0.015633 seconds 
========================================================================
Received Import Request.
  Time since last request: 7.986987 seconds.
  path: Assets/Assets/Tilemap/Map_1.asset
  artifactKey: Guid(54a78ee75159997419c79ad7ef666626) Importer(815301076,1909f56bfc062723c751e8b465ee728b)
Start importing Assets/Assets/Tilemap/Map_1.asset using Guid(54a78ee75159997419c79ad7ef666626) Importer(815301076,1909f56bfc062723c751e8b465ee728b)  -> (artifact id: '641a10f1d67aaacbc69451730fac0790') in 0.034882 seconds 
========================================================================
Received Import Request.
  Time since last request: 0.000023 seconds.
  path: Assets/Assets/Tilemap/Map_440.asset
  artifactKey: Guid(c33818fb120bf6849829a7fa7c54a6ce) Importer(815301076,1909f56bfc062723c751e8b465ee728b)
Start importing Assets/Assets/Tilemap/Map_440.asset using Guid(c33818fb120bf6849829a7fa7c54a6ce) Importer(815301076,1909f56bfc062723c751e8b465ee728b)  -> (artifact id: '80a3103f2120203f1aa95e35617b7ba5') in 0.013524 seconds 
========================================================================
Received Import Request.
  Time since last request: 0.000026 seconds.
  path: Assets/Assets/Tilemap/Map_61.asset
  artifactKey: Guid(63bc68eaef60ec44b851ac7457066c01) Importer(815301076,1909f56bfc062723c751e8b465ee728b)
Start importing Assets/Assets/Tilemap/Map_61.asset using Guid(63bc68eaef60ec44b851ac7457066c01) Importer(815301076,1909f56bfc062723c751e8b465ee728b)  -> (artifact id: '5ef86ea7d742d314d6d2cbbfde8b250e') in 0.014103 seconds 
========================================================================
Received Import Request.
  Time since last request: 0.000025 seconds.
  path: Assets/Assets/Tilemap/Map_531.asset
  artifactKey: Guid(0187993f313b86847915134e7431128d) Importer(815301076,1909f56bfc062723c751e8b465ee728b)
Start importing Assets/Assets/Tilemap/Map_531.asset using Guid(0187993f313b86847915134e7431128d) Importer(815301076,1909f56bfc062723c751e8b465ee728b)  -> (artifact id: 'e0923862927bcc726f695ec896587a05') in 0.014453 seconds 
========================================================================
Received Import Request.
  Time since last request: 0.000024 seconds.
  path: Assets/Assets/Tilemap/Map_523.asset
  artifactKey: Guid(4abd779679de6274e92409c0067bfdc5) Importer(815301076,1909f56bfc062723c751e8b465ee728b)
Start importing Assets/Assets/Tilemap/Map_523.asset using Guid(4abd779679de6274e92409c0067bfdc5) Importer(815301076,1909f56bfc062723c751e8b465ee728b)  -> (artifact id: '0b74a1d7f4ade4682da0627a0f7e0355') in 0.013238 seconds 
========================================================================
Received Import Request.
  Time since last request: 0.000022 seconds.
  path: Assets/Assets/Tilemap/Map_409.asset
  artifactKey: Guid(e8e36a9969932604ba4a9319df2f29e0) Importer(815301076,1909f56bfc062723c751e8b465ee728b)
Start importing Assets/Assets/Tilemap/Map_409.asset using Guid(e8e36a9969932604ba4a9319df2f29e0) Importer(815301076,1909f56bfc062723c751e8b465ee728b)  -> (artifact id: 'd6dcc88abc07f0f86d31d00c481b606a') in 0.009989 seconds 
========================================================================
Received Import Request.
  Time since last request: 0.000025 seconds.
  path: Assets/Assets/Tilemap/Map_85.asset
  artifactKey: Guid(125731d43173afc4f840df893f58dc64) Importer(815301076,1909f56bfc062723c751e8b465ee728b)
Start importing Assets/Assets/Tilemap/Map_85.asset using Guid(125731d43173afc4f840df893f58dc64) Importer(815301076,1909f56bfc062723c751e8b465ee728b)  -> (artifact id: '61da4c2ec13f9b70af6c8ac71e0fac5b') in 0.014618 seconds 
========================================================================
Received Import Request.
  Time since last request: 0.000031 seconds.
  path: Assets/Assets/Tilemap/Map_520.asset
  artifactKey: Guid(3690acbfa7d2ad7438df9c55f698139d) Importer(815301076,1909f56bfc062723c751e8b465ee728b)
Start importing Assets/Assets/Tilemap/Map_520.asset using Guid(3690acbfa7d2ad7438df9c55f698139d) Importer(815301076,1909f56bfc062723c751e8b465ee728b)  -> (artifact id: 'c544f6de2bad8af14df7141c789efc3f') in 0.010441 seconds 
========================================================================
Received Import Request.
  Time since last request: 0.000023 seconds.
  path: Assets/Assets/Tilemap/Map_355.asset
  artifactKey: Guid(a56cdbc1fed427a4ea148451be74e3a6) Importer(815301076,1909f56bfc062723c751e8b465ee728b)
Start importing Assets/Assets/Tilemap/Map_355.asset using Guid(a56cdbc1fed427a4ea148451be74e3a6) Importer(815301076,1909f56bfc062723c751e8b465ee728b)  -> (artifact id: '6e6b2078f4e1764e4076479a14e2ba38') in 0.014200 seconds 
Editor requested this worker to shutdown with reason: Scaling down because of idle timeout
AssetImportWorker is now disconnected from the server
Process exiting
Exiting without the bug reporter. Application will terminate with return code 0